<?xml version="1.0" encoding="UTF-8"?>
<!-- Generated by org.testng.reporters.JUnitReportReporter -->
<testsuite hostname="Amits-MacBook-Pro.local" failures="0" tests="1" name="problems.test2" time="0.006" errors="0" timestamp="2025-03-30T11:27:25 IST" skipped="0">
  <testcase classname="problems.test2" name="displayConfigfile" time="0.006"/>
</testsuite> <!-- problems.test2 -->
