<?xml version="1.0" encoding="UTF-8"?>
<!-- Generated by org.testng.reporters.JUnitReportReporter -->
<testsuite hostname="Amits-MacBook-Pro.local" failures="0" tests="1" name="Selenium.AllTest" time="18.890" errors="0" timestamp="2025-03-23T16:56:21 IST" skipped="0">
  <testcase classname="Selenium.AllTest" name="draganddrop" time="18.890"/>
</testsuite> <!-- Selenium.AllTest -->
