<?xml version="1.0" encoding="UTF-8"?>
<!-- Generated by org.testng.reporters.JUnitReportReporter -->
<testsuite hostname="2023-IN-LP-25.local" failures="0" tests="1" name="Selenium.BasicElement" time="26.267" errors="0" timestamp="2024-12-02T18:39:29 IST" skipped="0">
  <testcase classname="Selenium.BasicElement" name="clickElements" time="26.267"/>
</testsuite> <!-- Selenium.BasicElement -->
