<?xml version="1.0" encoding="UTF-8"?>
<!-- Generated by org.testng.reporters.JUnitReportReporter -->
<testsuite hostname="2023-IN-LP-25.local" failures="0" tests="2" name="Selenium.BasicElement" time="89.822" errors="0" timestamp="2024-11-30T21:21:21 IST" skipped="0">
  <testcase classname="Selenium.BasicElement" name="OpenSiteDemoQA" time="7.018"/>
  <testcase classname="Selenium.BasicElement" name="clickElements" time="82.804"/>
</testsuite> <!-- Selenium.BasicElement -->
