<?xml version="1.0" encoding="UTF-8"?>
<!-- Generated by org.testng.reporters.JUnitReportReporter -->
<testsuite hostname="2023-IN-LP-25.local" failures="0" tests="1" name="Selenium.BasicElement" time="45.521" errors="0" timestamp="2024-12-16T14:02:49 IST" skipped="0">
  <testcase classname="Selenium.BasicElement" name="clickElements" time="45.521"/>
</testsuite> <!-- Selenium.BasicElement -->
