<?xml version="1.0" encoding="UTF-8"?>
<!-- Generated by org.testng.reporters.JUnitReportReporter -->
<testsuite hostname="2023-IN-LP-25.local" failures="0" tests="1" name="Selenium.BasicElement" time="35.600" errors="0" timestamp="2024-12-03T19:52:05 IST" skipped="0">
  <testcase classname="Selenium.BasicElement" name="clickElements" time="35.600"/>
</testsuite> <!-- Selenium.BasicElement -->
