<?xml version="1.0" encoding="UTF-8"?>
<!-- Generated by org.testng.reporters.JUnitReportReporter -->
<testsuite hostname="192.168.1.3" failures="0" tests="1" name="problems.test2" time="58.995" errors="0" timestamp="2025-03-17T12:36:17 IST" skipped="0">
  <testcase classname="problems.test2" name="test" time="58.995"/>
</testsuite> <!-- problems.test2 -->
