<?xml version="1.0" encoding="UTF-8"?>
<!-- Generated by org.testng.reporters.JUnitReportReporter -->
<testsuite hostname="2023-IN-LP-25.local" failures="0" tests="2" name="Selenium.BasicElement" time="21.378" errors="0" timestamp="2024-11-30T22:19:28 IST" skipped="0">
  <testcase classname="Selenium.BasicElement" name="OpenSiteDemoQA" time="9.867"/>
  <testcase classname="Selenium.BasicElement" name="clickElements" time="11.511"/>
</testsuite> <!-- Selenium.BasicElement -->
