<?xml version="1.0" encoding="UTF-8"?>
<!-- Generated by org.testng.reporters.JUnitReportReporter -->
<testsuite hostname="Amits-MacBook-Pro.local" failures="0" tests="39" name="problems.test2" time="9.135" errors="2" timestamp="2025-03-30T12:36:42 IST" skipped="37">
  <testcase classname="problems.test2" name="getMethods" time="9.134">
    <skipped/>
  </testcase> <!-- getMethods -->
  <testcase classname="problems.test2" name="assignmenttwo" time="0.000">
    <skipped/>
  </testcase> <!-- assignmenttwo -->
  <testcase classname="problems.test2" name="datePicker" time="0.000">
    <skipped/>
  </testcase> <!-- datePicker -->
  <testcase classname="problems.test2" name="draganddrop" time="0.000">
    <skipped/>
  </testcase> <!-- draganddrop -->
  <testcase classname="problems.test2" name="navigationCommands" time="0.000">
    <skipped/>
  </testcase> <!-- navigationCommands -->
  <testcase classname="problems.test2" name="conditionalMethods" time="0.000">
    <skipped/>
  </testcase> <!-- conditionalMethods -->
  <testcase classname="problems.test2" name="javascriptexecutor" time="0.000">
    <skipped/>
  </testcase> <!-- javascriptexecutor -->
  <testcase classname="problems.test2" name="readExcelFile" time="0.000">
    <skipped/>
  </testcase> <!-- readExcelFile -->
  <testcase classname="problems.test2" name="svgElement" time="0.000">
    <skipped/>
  </testcase> <!-- svgElement -->
  <testcase classname="problems.test2" name="clickInAutoSuggestDD" time="0.000">
    <skipped/>
  </testcase> <!-- clickInAutoSuggestDD -->
  <testcase classname="problems.test2" name="shadowDomElement" time="0.000">
    <skipped/>
  </testcase> <!-- shadowDomElement -->
  <testcase classname="problems.test2" name="handleAlertWithExplicitWait" time="0.000">
    <skipped/>
  </testcase> <!-- handleAlertWithExplicitWait -->
  <testcase classname="problems.test2" name="authenticationPopup" time="0.000">
    <skipped/>
  </testcase> <!-- authenticationPopup -->
  <testcase classname="problems.test2" name="javascriptexecutorScrolling" time="0.000">
    <skipped/>
  </testcase> <!-- javascriptexecutorScrolling -->
  <testcase classname="problems.test2" name="assignment3" time="0.000">
    <skipped/>
  </testcase> <!-- assignment3 -->
  <testcase classname="problems.test2" name="incognitoMode" time="0.000">
    <skipped/>
  </testcase> <!-- incognitoMode -->
  <testcase classname="problems.test2" name="dropdowns" time="0.000">
    <skipped/>
  </testcase> <!-- dropdowns -->
  <testcase classname="problems.test2" name="getTextInPage" time="0.000">
    <skipped/>
  </testcase> <!-- getTextInPage -->
  <testcase classname="problems.test2" name="uploadfile" time="0.000">
    <skipped/>
  </testcase> <!-- uploadfile -->
  <testcase classname="problems.test2" name="writeExcelFile" time="0.000">
    <skipped/>
  </testcase> <!-- writeExcelFile -->
  <testcase classname="problems.test2" name="chromeOptions" time="0.000">
    <skipped/>
  </testcase> <!-- chromeOptions -->
  <testcase classname="problems.test2" name="slider" time="0.000">
    <skipped/>
  </testcase> <!-- slider -->
  <testcase classname="problems.test2" name="captureAllDropdownValue" time="0.000">
    <skipped/>
  </testcase> <!-- captureAllDropdownValue -->
  <testcase classname="problems.test2" name="keyboardactions" time="0.000">
    <skipped/>
  </testcase> <!-- keyboardactions -->
  <testcase classname="problems.test2" name="test" time="0.000">
    <skipped/>
  </testcase> <!-- test -->
  <testcase classname="problems.test2" name="takeScrennshort" time="0.000">
    <skipped/>
  </testcase> <!-- takeScrennshort -->
  <testcase classname="problems.test2" name="assignment01" time="0.000">
    <skipped/>
  </testcase> <!-- assignment01 -->
  <testcase classname="problems.test2" name="nykaa" time="0.000">
    <skipped/>
  </testcase> <!-- nykaa -->
  <testcase classname="problems.test2" name="brokenLinks" time="0.000">
    <skipped/>
  </testcase> <!-- brokenLinks -->
  <testcase classname="problems.test2" name="enableExtension" time="0.000">
    <skipped/>
  </testcase> <!-- enableExtension -->
  <testcase classname="problems.test2" name="actionMethods" time="0.001">
    <error message="Cannot invoke &quot;org.openqa.selenium.WebDriver.manage()&quot; because &quot;this.driver&quot; is null" type="java.lang.NullPointerException">
      <![CDATA[java.lang.NullPointerException: Cannot invoke "org.openqa.selenium.WebDriver.manage()" because "this.driver" is null
at problems.test2.actionMethods(test2.java:534)
at java.base/jdk.internal.reflect.DirectMethodHandleAccessor.invoke(DirectMethodHandleAccessor.java:103)
at java.base/java.lang.reflect.Method.invoke(Method.java:580)
at org.testng.internal.invokers.MethodInvocationHelper.invokeMethod(MethodInvocationHelper.java:141)
at org.testng.internal.invokers.TestInvoker.invokeMethod(TestInvoker.java:686)
at org.testng.internal.invokers.TestInvoker.invokeTestMethod(TestInvoker.java:230)
at org.testng.internal.invokers.MethodRunner.runInSequence(MethodRunner.java:63)
at org.testng.internal.invokers.TestInvoker$MethodInvocationAgent.invoke(TestInvoker.java:992)
at org.testng.internal.invokers.TestInvoker.invokeTestMethods(TestInvoker.java:203)
at org.testng.internal.invokers.TestMethodWorker.invokeTestMethods(TestMethodWorker.java:154)
at org.testng.internal.invokers.TestMethodWorker.run(TestMethodWorker.java:134)
at java.base/java.util.ArrayList.forEach(ArrayList.java:1597)
at org.testng.TestRunner.privateRun(TestRunner.java:739)
at org.testng.TestRunner.run(TestRunner.java:614)
at org.testng.SuiteRunner.runTest(SuiteRunner.java:421)
at org.testng.SuiteRunner.runSequentially(SuiteRunner.java:413)
at org.testng.SuiteRunner.privateRun(SuiteRunner.java:373)
at org.testng.SuiteRunner.run(SuiteRunner.java:312)
at org.testng.SuiteRunnerWorker.runSuite(SuiteRunnerWorker.java:52)
at org.testng.SuiteRunnerWorker.run(SuiteRunnerWorker.java:95)
at org.testng.TestNG.runSuitesSequentially(TestNG.java:1274)
at org.testng.TestNG.runSuitesLocally(TestNG.java:1208)
at org.testng.TestNG.runSuites(TestNG.java:1112)
at org.testng.TestNG.run(TestNG.java:1079)
at com.intellij.rt.testng.IDEARemoteTestNG.run(IDEARemoteTestNG.java:65)
at com.intellij.rt.testng.RemoteTestNGStarter.main(RemoteTestNGStarter.java:105)
]]>
    </error>
  </testcase> <!-- actionMethods -->
  <testcase classname="problems.test2" name="handleSSL" time="0.000">
    <skipped/>
  </testcase> <!-- handleSSL -->
  <testcase classname="problems.test2" name="displayConfigfile" time="0.000">
    <skipped/>
  </testcase> <!-- displayConfigfile -->
  <testcase classname="problems.test2" name="frame" time="0.000">
    <skipped/>
  </testcase> <!-- frame -->
  <testcase classname="problems.test2" name="makeMyTrip" time="0.000">
    <skipped/>
  </testcase> <!-- makeMyTrip -->
  <testcase classname="problems.test2" name="staticWebTable" time="0.000">
    <skipped/>
  </testcase> <!-- staticWebTable -->
  <testcase classname="problems.test2" name="tearDown" time="0.000">
    <error message="Cannot invoke &quot;org.openqa.selenium.WebDriver.quit()&quot; because &quot;this.driver&quot; is null" type="java.lang.NullPointerException">
      <![CDATA[java.lang.NullPointerException: Cannot invoke "org.openqa.selenium.WebDriver.quit()" because "this.driver" is null
at problems.test2.tearDown(test2.java:902)
at java.base/jdk.internal.reflect.DirectMethodHandleAccessor.invoke(DirectMethodHandleAccessor.java:103)
at java.base/java.lang.reflect.Method.invoke(Method.java:580)
at org.testng.internal.invokers.MethodInvocationHelper.invokeMethod(MethodInvocationHelper.java:141)
at org.testng.internal.invokers.MethodInvocationHelper.invokeMethodConsideringTimeout(MethodInvocationHelper.java:71)
at org.testng.internal.invokers.ConfigInvoker.invokeConfigurationMethod(ConfigInvoker.java:400)
at org.testng.internal.invokers.ConfigInvoker.invokeConfigurations(ConfigInvoker.java:333)
at org.testng.internal.invokers.TestInvoker.runConfigMethods(TestInvoker.java:833)
at org.testng.internal.invokers.TestInvoker.runAfterConfigurations(TestInvoker.java:802)
at org.testng.internal.invokers.TestInvoker.invokeMethod(TestInvoker.java:778)
at org.testng.internal.invokers.TestInvoker.invokeTestMethod(TestInvoker.java:230)
at org.testng.internal.invokers.MethodRunner.runInSequence(MethodRunner.java:63)
at org.testng.internal.invokers.TestInvoker$MethodInvocationAgent.invoke(TestInvoker.java:992)
at org.testng.internal.invokers.TestInvoker.invokeTestMethods(TestInvoker.java:203)
at org.testng.internal.invokers.TestMethodWorker.invokeTestMethods(TestMethodWorker.java:154)
at org.testng.internal.invokers.TestMethodWorker.run(TestMethodWorker.java:134)
at java.base/java.util.ArrayList.forEach(ArrayList.java:1597)
at org.testng.TestRunner.privateRun(TestRunner.java:739)
at org.testng.TestRunner.run(TestRunner.java:614)
at org.testng.SuiteRunner.runTest(SuiteRunner.java:421)
at org.testng.SuiteRunner.runSequentially(SuiteRunner.java:413)
at org.testng.SuiteRunner.privateRun(SuiteRunner.java:373)
at org.testng.SuiteRunner.run(SuiteRunner.java:312)
at org.testng.SuiteRunnerWorker.runSuite(SuiteRunnerWorker.java:52)
at org.testng.SuiteRunnerWorker.run(SuiteRunnerWorker.java:95)
at org.testng.TestNG.runSuitesSequentially(TestNG.java:1274)
at org.testng.TestNG.runSuitesLocally(TestNG.java:1208)
at org.testng.TestNG.runSuites(TestNG.java:1112)
at org.testng.TestNG.run(TestNG.java:1079)
at com.intellij.rt.testng.IDEARemoteTestNG.run(IDEARemoteTestNG.java:65)
at com.intellij.rt.testng.RemoteTestNGStarter.main(RemoteTestNGStarter.java:105)
]]>
    </error>
  </testcase> <!-- tearDown -->
  <testcase classname="problems.test2" name="dynamicDropdown" time="0.000">
    <skipped/>
  </testcase> <!-- dynamicDropdown -->
  <testcase classname="problems.test2" name="alerts" time="0.000">
    <skipped/>
  </testcase> <!-- alerts -->
</testsuite> <!-- problems.test2 -->
